<?xml version="1.0" encoding="UTF-8"?>
<!-- Generated by org.testng.reporters.JUnitReportReporter -->
<testsuite hostname="DESKTOP-H71R6L1" failures="0" tests="1" name="com.HRM.testcases.HRMValidLoginTest" time="15.728" errors="0" timestamp="2023-11-16T20:37:35 EST" skipped="0">
  <testcase classname="com.HRM.testcases.HRMValidLoginTest" name="LoginTestData" time="15.728"/>
</testsuite> <!-- com.HRM.testcases.HRMValidLoginTest -->
