<?xml version="1.0" encoding="UTF-8"?>
<!-- Generated by org.testng.reporters.JUnitReportReporter -->
<testsuite hostname="DESKTOP-H71R6L1" failures="0" tests="1" name="com.HRM.testcases.OrangeHRMEditDetailsTest" time="27.838" errors="0" timestamp="2023-10-02T21:12:34 EDT" skipped="0">
  <testcase classname="com.HRM.testcases.OrangeHRMEditDetailsTest" name="verifyLogo" time="27.838"/>
</testsuite> <!-- com.HRM.testcases.OrangeHRMEditDetailsTest -->
