<?xml version="1.0" encoding="UTF-8"?>
<!-- Generated by org.testng.reporters.JUnitReportReporter -->
<testsuite hostname="DESKTOP-H71R6L1" failures="0" tests="1" name="com.HRM.testcases.HRMExistingEmployeeDetailsTest" time="30.591" errors="0" timestamp="2023-11-23T17:11:20 EST" skipped="0">
  <testcase classname="com.HRM.testcases.HRMExistingEmployeeDetailsTest" name="LoginTestData" time="30.591"/>
</testsuite> <!-- com.HRM.testcases.HRMExistingEmployeeDetailsTest -->
