<?xml version="1.0" encoding="UTF-8"?>
<!-- Generated by org.testng.reporters.JUnitReportReporter -->
<testsuite hostname="DESKTOP-H71R6L1" failures="0" tests="1" name="com.HRM.testcases.HRMSalaryDetailsTest" time="30.262" errors="0" timestamp="2023-11-16T20:37:35 EST" skipped="0">
  <testcase classname="com.HRM.testcases.HRMSalaryDetailsTest" name="LoginTestData" time="30.262"/>
</testsuite> <!-- com.HRM.testcases.HRMSalaryDetailsTest -->
