<?xml version="1.0" encoding="UTF-8"?>
<!-- Generated by org.testng.reporters.JUnitReportReporter -->
<testsuite hostname="DESKTOP-H71R6L1" failures="0" tests="1" name="com.HRM.testcases.LoginInvalidCred" time="9.685" errors="0" timestamp="2023-11-30T14:22:04 EST" skipped="0">
  <testcase classname="com.HRM.testcases.LoginInvalidCred" name="InvalidData" time="9.685"/>
</testsuite> <!-- com.HRM.testcases.LoginInvalidCred -->
