<?xml version="1.0" encoding="UTF-8"?>
<!-- Generated by org.testng.reporters.JUnitReportReporter -->
<testsuite hostname="DESKTOP-H71R6L1" failures="0" tests="1" name="com.HRM.testcases.HRMExistingEmployeeDetailsTest" time="30.334" errors="0" timestamp="2023-11-29T20:14:45 EST" skipped="0">
  <testcase classname="com.HRM.testcases.HRMExistingEmployeeDetailsTest" name="LoginTestData" time="30.334"/>
</testsuite> <!-- com.HRM.testcases.HRMExistingEmployeeDetailsTest -->
