<?xml version="1.0" encoding="UTF-8"?>
<!-- Generated by org.testng.reporters.JUnitReportReporter -->
<testsuite hostname="DESKTOP-H71R6L1" failures="0" tests="1" name="com.HRM.testcases.HRMAddNewUserTest" time="75.087" errors="0" timestamp="2023-11-29T20:14:45 EST" skipped="0">
  <testcase classname="com.HRM.testcases.HRMAddNewUserTest" name="LoginTestData" time="75.087"/>
</testsuite> <!-- com.HRM.testcases.HRMAddNewUserTest -->
