<?xml version="1.0" encoding="UTF-8"?>
<!-- Generated by org.testng.reporters.JUnitReportReporter -->
<testsuite hostname="DESKTOP-H71R6L1" failures="0" tests="1" name="com.HRM.testcases.OrangeHRMEmpDetailsTest" time="25.514" errors="0" timestamp="2023-11-29T16:33:28 EST" skipped="0">
  <testcase classname="com.HRM.testcases.OrangeHRMEmpDetailsTest" name="LoginTestData" time="25.514"/>
</testsuite> <!-- com.HRM.testcases.OrangeHRMEmpDetailsTest -->
