<?xml version="1.0" encoding="UTF-8"?>
<!-- Generated by org.testng.reporters.JUnitReportReporter -->
<testsuite hostname="DESKTOP-H71R6L1" failures="0" tests="1" name="com.HRM.testcases.HRMExistingEmployeeDetailsTest" time="28.020" errors="0" timestamp="2023-11-29T16:33:28 EST" skipped="0">
  <testcase classname="com.HRM.testcases.HRMExistingEmployeeDetailsTest" name="LoginTestData" time="28.020"/>
</testsuite> <!-- com.HRM.testcases.HRMExistingEmployeeDetailsTest -->
