<?xml version="1.0" encoding="UTF-8"?>
<!-- Generated by org.testng.reporters.JUnitReportReporter -->
<testsuite hostname="DESKTOP-H71R6L1" failures="0" tests="1" name="com.HRM.testcases.HRMEmployeeEditDetailsTest" time="30.489" errors="0" timestamp="2023-11-26T09:56:06 EST" skipped="0">
  <testcase classname="com.HRM.testcases.HRMEmployeeEditDetailsTest" name="LoginTestData" time="30.489"/>
</testsuite> <!-- com.HRM.testcases.HRMEmployeeEditDetailsTest -->
